[2025-09-28 00:06:07] [SMARTBOT] - ERROR - Lỗi khi đặt lệnh: 400 Client Error:  for url: https://api.dnse.com.vn/order-service/derivative/orders
[2025-09-28 00:06:12] [SMARTBOT] - ERROR - Lỗi khi đặt lệnh: 400 Client Error:  for url: https://api.dnse.com.vn/order-service/derivative/orders
[2025-09-28 00:11:10] [SMARTBOT] - ERROR - Lỗi khi đặt lệnh: 400 Client Error:  for url: https://api.dnse.com.vn/order-service/derivative/orders
[2025-09-28 00:11:10] [SMARTBOT] - ERROR - Lỗi khi đặt lệnh: 400 Client Error:  for url: https://api.dnse.com.vn/order-service/derivative/orders
[2025-09-28 00:11:16] [SMARTBOT] - ERROR - Lỗi khi đặt lệnh: 400 Client Error:  for url: https://api.dnse.com.vn/order-service/derivative/orders
[2025-09-28 00:11:16] [SMARTBOT] - ERROR - Lỗi khi đặt lệnh: 400 Client Error:  for url: https://api.dnse.com.vn/order-service/derivative/orders
[2025-09-28 00:16:57] [SMARTBOT] - ERROR - Lỗi khi đặt lệnh: 400 Client Error:  for url: https://api.dnse.com.vn/order-service/derivative/orders
[2025-09-28 00:17:02] [SMARTBOT] - ERROR - Lỗi khi đặt lệnh: 400 Client Error:  for url: https://api.dnse.com.vn/order-service/derivative/orders
[2025-09-28 00:21:40] [SMARTBOT] - ERROR - Xảy ra lỗi: 400 Client Error:  for url: https://api.dnse.com.vn/order-service/derivative/orders
[2025-09-28 00:21:46] [SMARTBOT] - ERROR - Xảy ra lỗi: 400 Client Error:  for url: https://api.dnse.com.vn/order-service/derivative/orders
[2025-09-28 00:24:20] [SMARTBOT] - ERROR - Xảy ra lỗi: 400 Client Error:  for url: https://api.dnse.com.vn/order-service/derivative/orders
[2025-09-28 00:24:24] [SMARTBOT] - ERROR - Xảy ra lỗi: 400 Client Error:  for url: https://api.dnse.com.vn/order-service/derivative/orders
[2025-09-28 00:38:40] [SMARTBOT] - ERROR - Xảy ra lỗi: 400 Client Error:  for url: https://api.dnse.com.vn/order-service/derivative/orders
[2025-09-28 00:40:07] [SMARTBOT] - ERROR - Xảy ra lỗi: 400 Client Error:  for url: https://api.dnse.com.vn/order-service/derivative/orders
[2025-09-28 00:43:14] [SMARTBOT] - ERROR - Xảy ra lỗi: 400 Client Error:  for url: https://api.dnse.com.vn/order-service/derivative/orders
[2025-09-28 01:09:25] [SMARTBOT] - ERROR - Xảy ra lỗi: 401 Client Error: Unauthorized for url: https://services.entrade.com.vn/papertrade-entrade-api/derivative/deals?_start=0&_end=100
[2025-09-28 01:12:21] [SMARTBOT] - ERROR - Xảy ra lỗi: 'NoneType' object has no attribute 'deal'
[2025-09-28 13:59:24] [SMARTBOT] - ERROR - Xảy ra lỗi: 'pyBotMACD' object has no attribute 'accountNo'
[2025-09-28 14:23:42] [SMARTBOT] - ERROR - Xảy ra lỗi: 'pyBotMACD' object has no attribute 'accountNo'
[2025-09-28 14:45:58] [SMARTBOT] - ERROR - Đã gặp lỗi Bot.Update : 'orderStatis'
[2025-09-28 14:46:03] [SMARTBOT] - ERROR - Đã gặp lỗi Bot.Update : 'orderStatis'
[2025-09-28 20:18:31] [Authenticaotor] - CRITICAL - jwt-token hết hạn. Sẽ loggin lại để lấy token
[2025-09-28 20:20:42] [DNSE_Client] - CRITICAL - Đã xảy ra lỗi khi GetAccountInfor: 401 Client Error: Unauthorized for url: https://api.dnse.com.vn/user-service/api/me
[2025-09-28 20:20:42] [Authenticaotor] - CRITICAL - jwt-token hết hạn. Sẽ loggin lại để lấy token. 'NoneType' object has no attribute 'get'
[2025-09-28 20:22:06] [DNSE_Client] - CRITICAL - Đã xảy ra lỗi khi GetAccountInfor: 401 Client Error: Unauthorized for url: https://api.dnse.com.vn/user-service/api/me
[2025-09-28 20:22:06] [Authenticaotor] - CRITICAL - jwt-token hết hạn. Sẽ loggin lại để lấy token. 'NoneType' object has no attribute 'get'
[2025-09-28 20:23:02] [DNSE_Client] - CRITICAL - Đã xảy ra lỗi khi GetAccountInfor: 401 Client Error: Unauthorized for url: https://api.dnse.com.vn/user-service/api/me
[2025-09-28 20:23:02] [Authenticaotor] - CRITICAL - jwt-token hết hạn. Sẽ loggin lại để lấy token. 'NoneType' object is not subscriptable
[2025-09-28 20:25:06] [DNSE_Client] - CRITICAL - Đã xảy ra lỗi khi GetAccountInfor: 401 Client Error: Unauthorized for url: https://api.dnse.com.vn/user-service/api/me
[2025-09-28 20:25:06] [Authenticaotor] - CRITICAL - jwt-token hết hạn. Sẽ loggin lại để lấy token. 'NoneType' object is not subscriptable
[2025-09-28 21:03:32] [DNSE_Client] - ERROR - Đã xảy ra lỗi khi refresh token : fromisoformat: argument must be str
[2025-09-28 21:05:30] [DNSE_Client] - ERROR - Đã xảy ra lỗi khi refresh token : fromisoformat: argument must be str
[2025-09-28 21:06:46] [DNSE_Client] - ERROR - Đã xảy ra lỗi khi refresh token : fromisoformat: argument must be str
[2025-09-28 21:43:06] [SMARTBOT] - ERROR - Lỗi khi đặt lệnh: 'Logger' object is not callable
[2025-09-28 21:55:08] [SMARTBOT] - ERROR - Lỗi khi đặt lệnh: 'Logger' object is not callable
[2025-09-28 21:58:27] [SMARTBOT] - ERROR - Lỗi khi đặt lệnh: 'Logger' object is not callable
[2025-09-28 22:05:20] [SMARTBOT] - ERROR - Lỗi khi đặt lệnh: 'Logger' object is not callable
[2025-09-28 22:07:44] [SMARTBOT] - ERROR - Lỗi khi đặt lệnh: 'Logger' object is not callable
[2025-09-28 22:14:43] [SMARTBOT] - ERROR - Lỗi khi đặt lệnh: 'Logger' object is not callable
[2025-09-28 22:17:51] [SMARTBOT] - ERROR - Lỗi khi đặt lệnh: 'Logger' object is not callable
[2025-09-28 22:22:11] [SMARTBOT] - ERROR - Lỗi khi đặt lệnh: 'Logger' object is not callable
[2025-09-28 22:24:27] [SMARTBOT] - ERROR - Lỗi khi đặt lệnh: 'Logger' object is not callable
[2025-09-28 22:34:08] [SMARTBOT] - ERROR - Lỗi khi đặt lệnh: 'Logger' object is not callable
[2025-09-28 22:34:09] [SMARTBOT] - ERROR - Đã gặp lỗi Bot.Update() : -1
[2025-09-28 22:36:46] [SMARTBOT] - ERROR - Lỗi khi đặt lệnh: 'Logger' object is not callable
[2025-09-28 22:36:47] [SMARTBOT] - ERROR - Đã gặp lỗi Bot.Update() : -1
[2025-09-28 22:49:29] [SMARTBOT] - ERROR - Lỗi khi đặt lệnh: 'Logger' object is not callable
[2025-09-28 22:49:30] [SMARTBOT] - ERROR - Đã xảy ra lỗi : 'pyBotMACD' object has no attribute 'positions'
[2025-09-28 22:56:21] [SMARTBOT] - ERROR - Lỗi khi đặt lệnh: 'Logger' object is not callable
[2025-09-28 22:56:22] [SMARTBOT] - ERROR - Đã gặp lỗi Bot.Update() : 'fillQuantity'
[2025-09-28 22:58:33] [SMARTBOT] - ERROR - Lỗi khi đặt lệnh: 'Logger' object is not callable
[2025-09-28 23:09:04] [SMARTBOT] - ERROR - Lỗi khi đặt lệnh: 'Logger' object is not callable
[2025-09-28 23:10:46] [SMARTBOT] - ERROR - Lỗi khi đặt lệnh: 'Logger' object is not callable
[2025-09-28 23:12:17] [SMARTBOT] - ERROR - Lỗi khi đặt lệnh: 'Logger' object is not callable
[2025-09-28 23:17:14] [SMARTBOT] - ERROR - Lỗi khi đặt lệnh: 'Logger' object is not callable
[2025-09-28 23:19:30] [SMARTBOT] - ERROR - Đã xảy ra lỗi: 'Logger' object is not callable
[2025-09-28 23:20:22] [SMARTBOT] - ERROR - Đã xảy ra lỗi: 'Logger' object is not callable
[2025-09-28 23:26:17] [SMARTBOT] - ERROR - Đã xảy ra lỗi: 'Logger' object is not callable
[2025-09-28 23:30:03] [SMARTBOT] - ERROR - Đã xảy ra lỗi: 'Logger' object is not callable
[2025-09-28 23:33:29] [SMARTBOT] - ERROR - Lỗi khi đặt lệnh: unsupported operand type(s) for +: 'float' and 'NoneType'
[2025-09-28 23:39:33] [SMARTBOT] - ERROR - Lỗi khi đặt lệnh: unsupported operand type(s) for +: 'float' and 'NoneType'
[2025-09-28 23:40:23] [SMARTBOT] - ERROR - Lỗi khi đặt lệnh: unsupported operand type(s) for +: 'float' and 'NoneType'
[2025-09-28 23:42:53] [SMARTBOT] - ERROR - Lỗi khi đặt lệnh: unsupported operand type(s) for +: 'float' and 'NoneType'
[2025-09-28 23:43:44] [SMARTBOT] - ERROR - Lỗi khi đặt lệnh: unsupported operand type(s) for +: 'float' and 'NoneType'
[2025-09-28 23:44:22] [SMARTBOT] - ERROR - Lỗi khi đặt lệnh: unsupported operand type(s) for +: 'float' and 'NoneType'
[2025-09-28 23:47:49] [SMARTBOT] - ERROR - Lỗi khi đặt lệnh: unsupported operand type(s) for +: 'float' and 'NoneType'
[2025-09-28 23:49:01] [SMARTBOT] - ERROR - Lỗi khi đặt lệnh: unsupported operand type(s) for +: 'float' and 'NoneType'
