[2025-10-01 07:25:28] AutoTrade-CONG NGUYEN - INFO - Logger 'AutoTrade-CONG NGUYEN' initialized with daily rotation
[2025-10-01 07:25:28] [DNSE_Client] - INFO - Logger '[DNSE_Client]' initialized with daily rotation
[2025-10-01 07:25:28] [ENTRADE_Client] - INFO - Logger '[ENTRADE_Client]' initialized with daily rotation
[2025-10-01 07:25:28] [MQTT Connector] - INFO - Logger '[MQTT Connector]' initialized with daily rotation
[2025-10-01 07:25:29] [Authenticaotor] - INFO - Logger '[Authenticaotor]' initialized with daily rotation
[2025-10-01 07:25:29] [DNSE_Client] - INFO - Đã đọc token từ c:\Users\210608\Documents\GitHub\AutoTrade\token_dnse.json
[2025-10-01 07:25:31] [DNSE_Client] - INFO - Gửi email OTP thành công! (DNSE)
[2025-10-01 07:25:33] [DNSE_Client] - INFO - [DNSE] Đang đăng nhập...
[2025-10-01 07:25:34] [DNSE_Client] - INFO - Gửi email OTP thành công! (DNSE)
[2025-10-01 07:27:17] AutoTrade-CONG NGUYEN - INFO - Logger 'AutoTrade-CONG NGUYEN' initialized with daily rotation
[2025-10-01 07:27:36] AutoTrade-CONG NGUYEN - INFO - Logger 'AutoTrade-CONG NGUYEN' initialized with daily rotation
[2025-10-01 07:27:37] [DNSE_Client] - INFO - Logger '[DNSE_Client]' initialized with daily rotation
[2025-10-01 07:27:37] [ENTRADE_Client] - INFO - Logger '[ENTRADE_Client]' initialized with daily rotation
[2025-10-01 07:27:37] [MQTT Connector] - INFO - Logger '[MQTT Connector]' initialized with daily rotation
[2025-10-01 07:27:37] [Authenticaotor] - INFO - Logger '[Authenticaotor]' initialized with daily rotation
[2025-10-01 07:27:38] [DNSE_Client] - INFO - Đã đọc token từ c:\Users\210608\Documents\GitHub\AutoTrade\token_dnse.json
[2025-10-01 07:27:39] [DNSE_Client] - INFO - Gửi email OTP thành công! (DNSE)
[2025-10-01 07:27:41] [DNSE_Client] - INFO - [DNSE] Đang đăng nhập...
[2025-10-01 07:27:42] [DNSE_Client] - INFO - Gửi email OTP thành công! (DNSE)
[2025-10-01 07:28:20] AutoTrade-CONG NGUYEN - INFO - Logger 'AutoTrade-CONG NGUYEN' initialized with daily rotation
[2025-10-01 07:28:20] [DNSE_Client] - INFO - Logger '[DNSE_Client]' initialized with daily rotation
[2025-10-01 07:28:20] [ENTRADE_Client] - INFO - Logger '[ENTRADE_Client]' initialized with daily rotation
[2025-10-01 07:28:20] [MQTT Connector] - INFO - Logger '[MQTT Connector]' initialized with daily rotation
[2025-10-01 07:28:20] [Authenticaotor] - INFO - Logger '[Authenticaotor]' initialized with daily rotation
[2025-10-01 07:28:22] [DNSE_Client] - INFO - Gửi email OTP thành công! (DNSE)
[2025-10-01 07:28:24] [DNSE_Client] - INFO - [DNSE] Đang đăng nhập...
[2025-10-01 07:28:25] [DNSE_Client] - INFO - Gửi email OTP thành công! (DNSE)
[2025-10-01 07:52:54] AutoTrade-CONG NGUYEN - INFO - Logger 'AutoTrade-CONG NGUYEN' initialized with daily rotation
[2025-10-01 07:52:54] [DNSE_Client] - INFO - Logger '[DNSE_Client]' initialized with daily rotation
[2025-10-01 07:52:54] [ENTRADE_Client] - INFO - Logger '[ENTRADE_Client]' initialized with daily rotation
[2025-10-01 07:52:54] [MQTT Connector] - INFO - Logger '[MQTT Connector]' initialized with daily rotation
[2025-10-01 07:52:54] [Authenticaotor] - INFO - Logger '[Authenticaotor]' initialized with daily rotation
[2025-10-01 07:52:56] [DNSE_Client] - INFO - Gửi email OTP thành công! (DNSE)
[2025-10-01 07:53:31] [DNSE_Client] - INFO - Lấy Trading Token thành công! (DNSE)
[2025-10-01 07:53:31] [DNSE_Client] - INFO - Đang lưu token ra file token_dnse.json...
[2025-10-01 07:53:31] [DNSE_Client] - INFO - Đã lưu token vào c:\Users\210608\Documents\GitHub\AutoTrade\token_dnse.json
[2025-10-01 07:53:31] [DNSE_Client] - INFO - Đã lưu token ra file token_dnse.json.
[2025-10-01 07:53:31] [Authenticaotor] - WARNING - token [DNSE] : eyJ0eXAiOiJKV1QiLCJhbGciOiJSUzI1NiJ9.eyJpZGVudGlmaWNhdGlvbkNvZGUiOiIwMDEwODkwMjkyNDUiLCJzdWIiOiIxMDAwOTY0NzY4IiwiYnJva2VySWQiOiIwODY5IiwiYXV0aFNvdXJjZSI6bnVsbCwicm9sZXMiOlsiaW52ZXN0b3IiLCJCUk9LRVIiXSwiaXNzIjoiRE5TRSIsImludmVzdG9ySWQiOiIxMDAwOTY0NzY4IiwiYnJva2VyVHlwZSI6IlNBQ08iLCJmdWxsTmFtZSI6Ik5ndXnhu4VuIFbEg24gQ8O0bmciLCJzZXNzaW9uSWQiOiI1YTczN2Q0ZS1jMTBlLTRkYTQtOTNhYS03ZmUzNmE3ZTNiMTQiLCJ1c2VySWQiOiJhODQ3OGY2ZS0yMDY4LTRjODctYjEzNi1kNmFhMzIyYzk4MTYiLCJhdWQiOlsiYXVkaWVuY2UiXSwiY3VzdG9tZXJFbWFpbCI6Im52Y29uZzg5QGxpdmUuY29tIiwiY3VzdG9keUNvZGUiOiIwNjRDNjg0NjQxIiwiY3VzdG9tZXJJZCI6IjAwMDE1MDQxNzUiLCJleHAiOjE3NTkzMDg3NzcsImN1c3RvbWVyTW9iaWxlIjoiMDk3OTQwNDY0MSIsImlhdCI6MTc1OTI3OTk3NywidXNlcm5hbWUiOiIwNjRDNjg0NjQxIiwic3RhdHVzIjoiQUNUSVZFIn0.OAt293uiBezDr74KGwk9g0x1-eLY872Atyt8XEP2y88REDB6O7PASZpxpOiDO6FlBUFVBq_PRH5lL83tszoBg0QuCr2V4g1kNIU7TURYUhL1_8WmhvaVW2F7xtFZM1D3JiVJTi_kYoP0K8ylzuqMWAGLFZtc5Q58UNMt92OImto
[2025-10-01 07:53:31] [Authenticaotor] - WARNING - Trading-Token [DNSE]: 1cfbe040-6778-40a2-81de-90bb5efc472d
[2025-10-01 07:53:32] [Authenticaotor] - INFO - investor_id [Etrade] : 1000048842
[2025-10-01 07:53:32] [Authenticaotor] - INFO - investor_account_id [Etrade] : 1000049481 

[2025-10-01 07:53:32] [Authenticaotor] - INFO - investor_id [DNSE] : 1000964768
[2025-10-01 07:53:32] [Authenticaotor] - INFO - investor_account_id [DNSE] : 0001521007

[2025-10-01 07:53:32] [Authenticaotor] - INFO - loan package id: 1306
[2025-10-01 07:53:32] [Authenticaotor] - WARNING - Tổng số lượng deal đang mở trong sổ [DNSE]: 1
[2025-10-01 07:53:33] [Authenticaotor] - WARNING - Tổng số lượng lệnh đang chờ trong sổ [DNSE]: 0
[2025-10-01 07:53:33] [Authenticaotor] - WARNING - Tổng số hợp đồng đang mở [DNSE]: 1 HĐ 

[2025-10-01 07:53:33] [Authenticaotor] - WARNING - Tổng số lượng deal đang mở trong sổ [ENTRADE]: 1
[2025-10-01 07:53:34] [Authenticaotor] - WARNING - Tổng số lượng lệnh đang chờ trong sổ [ENTRADE]: 0
[2025-10-01 07:53:34] [Authenticaotor] - WARNING - Tổng số hợp đồng đang mở [ENTRADE]: 1 HĐ 

[2025-10-01 07:53:34] [MQTT Connector] - INFO - Connected to MQTT Broker!
[2025-10-01 07:53:35] [Data Processor] - INFO - Logger '[Data Processor]' initialized with daily rotation
[2025-10-01 07:53:36] [Data Processor] - INFO - Successfully initialized multi-timeframe data:
[2025-10-01 07:53:36] [Data Processor] - INFO - m1: 16867 candles
[2025-10-01 07:53:36] [Data Processor] - INFO - m3: 5669 candles
[2025-10-01 07:53:36] [Data Processor] - INFO - m5: 3429 candles
[2025-10-01 07:53:36] [Data Processor] - INFO - m15: 1189 candles
[2025-10-01 07:53:36] [Data Processor] - INFO - m30: 629 candles
[2025-10-01 07:53:36] [Data Processor] - INFO - H1: 349 candles
[2025-10-01 07:53:36] [Data Processor] - INFO - D1: 69 candles
[2025-10-01 07:53:36] [Data Processor] - INFO - W1: 14 candles
[2025-10-01 07:53:37] [Logic_Processor] - INFO - Logger '[Logic_Processor]' initialized with daily rotation
[2025-10-01 07:53:37] [SMARTBOT] - INFO - Logger '[SMARTBOT]' initialized with daily rotation
[2025-10-01 07:53:37] [SMARTBOT] - INFO - Khởi tạo bot: MACD_Bot
[2025-10-01 07:53:39] [Logic_Processor] - INFO - Bot [MACD_Bot] đã được khởi tạo.
[2025-10-01 07:53:39] [Logic_Processor] - INFO - Working TimeFrame : m5
[2025-10-01 07:53:39] [Logic_Processor] - INFO - Đẩy MarketData lần đầu tiên vào trong bot...
[2025-10-01 07:53:41] [SMARTBOT] - INFO - Số lượng hợp đồng đang mở đã đạt số lượng tối đa [1 HĐ] cho phép [Entrade].
[2025-10-01 07:53:41] [Logic_Processor] - INFO - Bot đang chạy...
[2025-10-01 07:53:41] [Logic_Processor] - WARNING - Mã phái sinh : 41I1FA000
[2025-10-01 07:53:41] [Logic_Processor] - WARNING - Giá trần hôm nay : 1982.0
[2025-10-01 07:53:41] [Logic_Processor] - WARNING - Giá sàn hôm nay : 1726.0
[2025-10-01 08:06:01] [Data Processor] - ERROR - [Data_processor] UpdateMarketData Đã xảy ra lỗi: 'totalBidQtty'
[2025-10-01 08:44:59] [Data Processor] - ERROR - [Data_processor] UpdateMarketData Đã xảy ra lỗi: 'totalBidQtty'
[2025-10-01 09:00:07] [SMARTBOT] - INFO - Số lượng hợp đồng đang mở đã đạt số lượng tối đa [1 HĐ] cho phép [Entrade].
[2025-10-01 09:00:12] [SMARTBOT] - INFO - Số lượng hợp đồng đang mở đã đạt số lượng tối đa [1 HĐ] cho phép [Entrade].
[2025-10-01 09:00:16] [SMARTBOT] - INFO - Số lượng hợp đồng đang mở đã đạt số lượng tối đa [1 HĐ] cho phép [Entrade].
[2025-10-01 09:00:21] [SMARTBOT] - INFO - Số lượng hợp đồng đang mở đã đạt số lượng tối đa [1 HĐ] cho phép [Entrade].
[2025-10-01 09:00:26] [SMARTBOT] - INFO - Số lượng hợp đồng đang mở đã đạt số lượng tối đa [1 HĐ] cho phép [Entrade].
[2025-10-01 09:00:30] [SMARTBOT] - INFO - Số lượng hợp đồng đang mở đã đạt số lượng tối đa [1 HĐ] cho phép [Entrade].
[2025-10-01 09:00:34] [SMARTBOT] - INFO - Số lượng hợp đồng đang mở đã đạt số lượng tối đa [1 HĐ] cho phép [Entrade].
[2025-10-01 09:00:39] [SMARTBOT] - INFO - Số lượng hợp đồng đang mở đã đạt số lượng tối đa [1 HĐ] cho phép [Entrade].
[2025-10-01 09:00:44] [SMARTBOT] - INFO - Số lượng hợp đồng đang mở đã đạt số lượng tối đa [1 HĐ] cho phép [Entrade].
[2025-10-01 09:00:48] [SMARTBOT] - INFO - Số lượng hợp đồng đang mở đã đạt số lượng tối đa [1 HĐ] cho phép [Entrade].
[2025-10-01 09:00:53] [SMARTBOT] - INFO - Số lượng hợp đồng đang mở đã đạt số lượng tối đa [1 HĐ] cho phép [Entrade].
[2025-10-01 09:00:58] [SMARTBOT] - INFO - Số lượng hợp đồng đang mở đã đạt số lượng tối đa [1 HĐ] cho phép [Entrade].
[2025-10-01 09:01:02] [SMARTBOT] - INFO - Số lượng hợp đồng đang mở đã đạt số lượng tối đa [1 HĐ] cho phép [Entrade].
[2025-10-01 09:01:07] [SMARTBOT] - INFO - Số lượng hợp đồng đang mở đã đạt số lượng tối đa [1 HĐ] cho phép [Entrade].
[2025-10-01 09:01:11] [SMARTBOT] - INFO - Số lượng hợp đồng đang mở đã đạt số lượng tối đa [1 HĐ] cho phép [Entrade].
[2025-10-01 09:01:16] [SMARTBOT] - INFO - Số lượng hợp đồng đang mở đã đạt số lượng tối đa [1 HĐ] cho phép [Entrade].
[2025-10-01 09:01:20] [SMARTBOT] - INFO - Số lượng hợp đồng đang mở đã đạt số lượng tối đa [1 HĐ] cho phép [Entrade].
[2025-10-01 09:01:25] [SMARTBOT] - INFO - Số lượng hợp đồng đang mở đã đạt số lượng tối đa [1 HĐ] cho phép [Entrade].
[2025-10-01 09:01:30] [SMARTBOT] - INFO - Số lượng hợp đồng đang mở đã đạt số lượng tối đa [1 HĐ] cho phép [Entrade].
[2025-10-01 09:01:34] [SMARTBOT] - INFO - Số lượng hợp đồng đang mở đã đạt số lượng tối đa [1 HĐ] cho phép [Entrade].
[2025-10-01 09:01:39] [SMARTBOT] - INFO - Số lượng hợp đồng đang mở đã đạt số lượng tối đa [1 HĐ] cho phép [Entrade].
[2025-10-01 09:01:43] [SMARTBOT] - INFO - Số lượng hợp đồng đang mở đã đạt số lượng tối đa [1 HĐ] cho phép [Entrade].
[2025-10-01 09:01:48] [SMARTBOT] - INFO - Số lượng hợp đồng đang mở đã đạt số lượng tối đa [1 HĐ] cho phép [Entrade].
[2025-10-01 09:01:52] [SMARTBOT] - INFO - Số lượng hợp đồng đang mở đã đạt số lượng tối đa [1 HĐ] cho phép [Entrade].
[2025-10-01 09:01:57] [SMARTBOT] - INFO - Số lượng hợp đồng đang mở đã đạt số lượng tối đa [1 HĐ] cho phép [Entrade].
[2025-10-01 09:02:01] [SMARTBOT] - INFO - Số lượng hợp đồng đang mở đã đạt số lượng tối đa [1 HĐ] cho phép [Entrade].
[2025-10-01 09:02:06] [SMARTBOT] - INFO - Số lượng hợp đồng đang mở đã đạt số lượng tối đa [1 HĐ] cho phép [Entrade].
[2025-10-01 09:02:10] [SMARTBOT] - INFO - Số lượng hợp đồng đang mở đã đạt số lượng tối đa [1 HĐ] cho phép [Entrade].
[2025-10-01 09:02:15] [SMARTBOT] - INFO - Số lượng hợp đồng đang mở đã đạt số lượng tối đa [1 HĐ] cho phép [Entrade].
[2025-10-01 09:02:19] [SMARTBOT] - INFO - Số lượng hợp đồng đang mở đã đạt số lượng tối đa [1 HĐ] cho phép [Entrade].
[2025-10-01 09:02:24] [SMARTBOT] - INFO - Số lượng hợp đồng đang mở đã đạt số lượng tối đa [1 HĐ] cho phép [Entrade].
[2025-10-01 09:02:29] [SMARTBOT] - INFO - Số lượng hợp đồng đang mở đã đạt số lượng tối đa [1 HĐ] cho phép [Entrade].
[2025-10-01 09:02:34] [SMARTBOT] - INFO - Số lượng hợp đồng đang mở đã đạt số lượng tối đa [1 HĐ] cho phép [Entrade].
[2025-10-01 09:02:38] [SMARTBOT] - INFO - Số lượng hợp đồng đang mở đã đạt số lượng tối đa [1 HĐ] cho phép [Entrade].
[2025-10-01 09:02:43] [SMARTBOT] - INFO - Số lượng hợp đồng đang mở đã đạt số lượng tối đa [1 HĐ] cho phép [Entrade].
[2025-10-01 09:02:48] [SMARTBOT] - INFO - Số lượng hợp đồng đang mở đã đạt số lượng tối đa [1 HĐ] cho phép [Entrade].
[2025-10-01 09:02:53] [SMARTBOT] - INFO - Số lượng hợp đồng đang mở đã đạt số lượng tối đa [1 HĐ] cho phép [Entrade].
[2025-10-01 09:02:58] [SMARTBOT] - INFO - Số lượng hợp đồng đang mở đã đạt số lượng tối đa [1 HĐ] cho phép [Entrade].
[2025-10-01 09:03:02] [SMARTBOT] - INFO - Số lượng hợp đồng đang mở đã đạt số lượng tối đa [1 HĐ] cho phép [Entrade].
[2025-10-01 09:03:07] [SMARTBOT] - INFO - Số lượng hợp đồng đang mở đã đạt số lượng tối đa [1 HĐ] cho phép [Entrade].
[2025-10-01 09:03:12] [SMARTBOT] - INFO - Số lượng hợp đồng đang mở đã đạt số lượng tối đa [1 HĐ] cho phép [Entrade].
[2025-10-01 09:03:17] [SMARTBOT] - INFO - Số lượng hợp đồng đang mở đã đạt số lượng tối đa [1 HĐ] cho phép [Entrade].
[2025-10-01 09:03:22] [SMARTBOT] - INFO - Số lượng hợp đồng đang mở đã đạt số lượng tối đa [1 HĐ] cho phép [Entrade].
[2025-10-01 09:03:26] [SMARTBOT] - INFO - Số lượng hợp đồng đang mở đã đạt số lượng tối đa [1 HĐ] cho phép [Entrade].
[2025-10-01 09:03:31] [SMARTBOT] - INFO - Số lượng hợp đồng đang mở đã đạt số lượng tối đa [1 HĐ] cho phép [Entrade].
[2025-10-01 09:03:36] [SMARTBOT] - INFO - Số lượng hợp đồng đang mở đã đạt số lượng tối đa [1 HĐ] cho phép [Entrade].
[2025-10-01 09:03:41] [SMARTBOT] - INFO - Số lượng hợp đồng đang mở đã đạt số lượng tối đa [1 HĐ] cho phép [Entrade].
[2025-10-01 09:03:46] [SMARTBOT] - INFO - Số lượng hợp đồng đang mở đã đạt số lượng tối đa [1 HĐ] cho phép [Entrade].
[2025-10-01 09:03:51] [SMARTBOT] - INFO - Số lượng hợp đồng đang mở đã đạt số lượng tối đa [1 HĐ] cho phép [Entrade].
[2025-10-01 09:03:56] [SMARTBOT] - INFO - Số lượng hợp đồng đang mở đã đạt số lượng tối đa [1 HĐ] cho phép [Entrade].
[2025-10-01 09:04:00] [SMARTBOT] - INFO - Số lượng hợp đồng đang mở đã đạt số lượng tối đa [1 HĐ] cho phép [Entrade].
[2025-10-01 09:04:05] [SMARTBOT] - INFO - Số lượng hợp đồng đang mở đã đạt số lượng tối đa [1 HĐ] cho phép [Entrade].
[2025-10-01 09:04:10] [SMARTBOT] - INFO - Số lượng hợp đồng đang mở đã đạt số lượng tối đa [1 HĐ] cho phép [Entrade].
[2025-10-01 09:04:14] [SMARTBOT] - INFO - Số lượng hợp đồng đang mở đã đạt số lượng tối đa [1 HĐ] cho phép [Entrade].
[2025-10-01 09:04:19] [SMARTBOT] - INFO - Số lượng hợp đồng đang mở đã đạt số lượng tối đa [1 HĐ] cho phép [Entrade].
[2025-10-01 09:04:23] [SMARTBOT] - INFO - Số lượng hợp đồng đang mở đã đạt số lượng tối đa [1 HĐ] cho phép [Entrade].
[2025-10-01 09:04:28] [SMARTBOT] - INFO - Số lượng hợp đồng đang mở đã đạt số lượng tối đa [1 HĐ] cho phép [Entrade].
[2025-10-01 09:04:33] [SMARTBOT] - INFO - Số lượng hợp đồng đang mở đã đạt số lượng tối đa [1 HĐ] cho phép [Entrade].
[2025-10-01 09:04:38] [SMARTBOT] - INFO - Số lượng hợp đồng đang mở đã đạt số lượng tối đa [1 HĐ] cho phép [Entrade].
[2025-10-01 09:04:43] [SMARTBOT] - INFO - Số lượng hợp đồng đang mở đã đạt số lượng tối đa [1 HĐ] cho phép [Entrade].
[2025-10-01 09:04:47] [SMARTBOT] - INFO - Số lượng hợp đồng đang mở đã đạt số lượng tối đa [1 HĐ] cho phép [Entrade].
[2025-10-01 09:04:52] [SMARTBOT] - INFO - Số lượng hợp đồng đang mở đã đạt số lượng tối đa [1 HĐ] cho phép [Entrade].
[2025-10-01 09:04:56] [SMARTBOT] - INFO - Số lượng hợp đồng đang mở đã đạt số lượng tối đa [1 HĐ] cho phép [Entrade].
[2025-10-01 09:05:01] [SMARTBOT] - INFO - Số lượng hợp đồng đang mở đã đạt số lượng tối đa [1 HĐ] cho phép [Entrade].
[2025-10-01 09:05:06] [SMARTBOT] - INFO - Số lượng hợp đồng đang mở đã đạt số lượng tối đa [1 HĐ] cho phép [Entrade].
[2025-10-01 09:05:10] [SMARTBOT] - INFO - Số lượng hợp đồng đang mở đã đạt số lượng tối đa [1 HĐ] cho phép [Entrade].
[2025-10-01 09:05:15] [SMARTBOT] - INFO - Số lượng hợp đồng đang mở đã đạt số lượng tối đa [1 HĐ] cho phép [Entrade].
[2025-10-01 09:05:20] [SMARTBOT] - INFO - Số lượng hợp đồng đang mở đã đạt số lượng tối đa [1 HĐ] cho phép [Entrade].
[2025-10-01 09:05:24] [SMARTBOT] - INFO - Số lượng hợp đồng đang mở đã đạt số lượng tối đa [1 HĐ] cho phép [Entrade].
[2025-10-01 09:05:29] [SMARTBOT] - INFO - Số lượng hợp đồng đang mở đã đạt số lượng tối đa [1 HĐ] cho phép [Entrade].
[2025-10-01 09:05:34] [SMARTBOT] - INFO - Số lượng hợp đồng đang mở đã đạt số lượng tối đa [1 HĐ] cho phép [Entrade].
[2025-10-01 09:05:39] [SMARTBOT] - INFO - Số lượng hợp đồng đang mở đã đạt số lượng tối đa [1 HĐ] cho phép [Entrade].
[2025-10-01 09:05:44] [SMARTBOT] - INFO - Số lượng hợp đồng đang mở đã đạt số lượng tối đa [1 HĐ] cho phép [Entrade].
[2025-10-01 09:05:48] [SMARTBOT] - INFO - Số lượng hợp đồng đang mở đã đạt số lượng tối đa [1 HĐ] cho phép [Entrade].
[2025-10-01 09:05:53] [SMARTBOT] - INFO - Số lượng hợp đồng đang mở đã đạt số lượng tối đa [1 HĐ] cho phép [Entrade].
[2025-10-01 09:05:57] [SMARTBOT] - INFO - Số lượng hợp đồng đang mở đã đạt số lượng tối đa [1 HĐ] cho phép [Entrade].
[2025-10-01 09:06:02] [SMARTBOT] - INFO - Số lượng hợp đồng đang mở đã đạt số lượng tối đa [1 HĐ] cho phép [Entrade].
[2025-10-01 09:06:07] [SMARTBOT] - INFO - Số lượng hợp đồng đang mở đã đạt số lượng tối đa [1 HĐ] cho phép [Entrade].
[2025-10-01 09:06:12] [SMARTBOT] - INFO - Số lượng hợp đồng đang mở đã đạt số lượng tối đa [1 HĐ] cho phép [Entrade].
[2025-10-01 09:06:17] [SMARTBOT] - INFO - Số lượng hợp đồng đang mở đã đạt số lượng tối đa [1 HĐ] cho phép [Entrade].
[2025-10-01 09:06:22] [SMARTBOT] - INFO - Số lượng hợp đồng đang mở đã đạt số lượng tối đa [1 HĐ] cho phép [Entrade].
[2025-10-01 09:06:26] [SMARTBOT] - INFO - Số lượng hợp đồng đang mở đã đạt số lượng tối đa [1 HĐ] cho phép [Entrade].
[2025-10-01 09:06:31] [SMARTBOT] - INFO - Số lượng hợp đồng đang mở đã đạt số lượng tối đa [1 HĐ] cho phép [Entrade].
[2025-10-01 09:06:36] [SMARTBOT] - INFO - Số lượng hợp đồng đang mở đã đạt số lượng tối đa [1 HĐ] cho phép [Entrade].
[2025-10-01 09:06:40] [SMARTBOT] - INFO - Số lượng hợp đồng đang mở đã đạt số lượng tối đa [1 HĐ] cho phép [Entrade].
[2025-10-01 09:06:45] [SMARTBOT] - INFO - Số lượng hợp đồng đang mở đã đạt số lượng tối đa [1 HĐ] cho phép [Entrade].
[2025-10-01 09:06:50] [SMARTBOT] - INFO - Số lượng hợp đồng đang mở đã đạt số lượng tối đa [1 HĐ] cho phép [Entrade].
[2025-10-01 09:06:55] [SMARTBOT] - INFO - Số lượng hợp đồng đang mở đã đạt số lượng tối đa [1 HĐ] cho phép [Entrade].
[2025-10-01 09:06:59] [SMARTBOT] - INFO - Số lượng hợp đồng đang mở đã đạt số lượng tối đa [1 HĐ] cho phép [Entrade].
[2025-10-01 09:07:04] [SMARTBOT] - INFO - Số lượng hợp đồng đang mở đã đạt số lượng tối đa [1 HĐ] cho phép [Entrade].
[2025-10-01 09:07:09] [SMARTBOT] - INFO - Số lượng hợp đồng đang mở đã đạt số lượng tối đa [1 HĐ] cho phép [Entrade].
[2025-10-01 09:07:14] [SMARTBOT] - INFO - Số lượng hợp đồng đang mở đã đạt số lượng tối đa [1 HĐ] cho phép [Entrade].
[2025-10-01 09:07:19] [SMARTBOT] - INFO - Số lượng hợp đồng đang mở đã đạt số lượng tối đa [1 HĐ] cho phép [Entrade].
[2025-10-01 09:07:23] [SMARTBOT] - INFO - Số lượng hợp đồng đang mở đã đạt số lượng tối đa [1 HĐ] cho phép [Entrade].
[2025-10-01 09:07:28] [SMARTBOT] - INFO - Số lượng hợp đồng đang mở đã đạt số lượng tối đa [1 HĐ] cho phép [Entrade].
[2025-10-01 09:07:33] [SMARTBOT] - INFO - Số lượng hợp đồng đang mở đã đạt số lượng tối đa [1 HĐ] cho phép [Entrade].
[2025-10-01 09:07:38] [SMARTBOT] - INFO - Số lượng hợp đồng đang mở đã đạt số lượng tối đa [1 HĐ] cho phép [Entrade].
[2025-10-01 09:07:42] [SMARTBOT] - INFO - Số lượng hợp đồng đang mở đã đạt số lượng tối đa [1 HĐ] cho phép [Entrade].
[2025-10-01 09:07:47] [SMARTBOT] - INFO - Số lượng hợp đồng đang mở đã đạt số lượng tối đa [1 HĐ] cho phép [Entrade].
[2025-10-01 09:07:52] [SMARTBOT] - INFO - Số lượng hợp đồng đang mở đã đạt số lượng tối đa [1 HĐ] cho phép [Entrade].
[2025-10-01 09:07:56] [SMARTBOT] - INFO - Số lượng hợp đồng đang mở đã đạt số lượng tối đa [1 HĐ] cho phép [Entrade].
[2025-10-01 09:08:01] [SMARTBOT] - INFO - Số lượng hợp đồng đang mở đã đạt số lượng tối đa [1 HĐ] cho phép [Entrade].
[2025-10-01 09:08:06] [SMARTBOT] - INFO - Số lượng hợp đồng đang mở đã đạt số lượng tối đa [1 HĐ] cho phép [Entrade].
[2025-10-01 09:08:11] [SMARTBOT] - INFO - Số lượng hợp đồng đang mở đã đạt số lượng tối đa [1 HĐ] cho phép [Entrade].
[2025-10-01 09:08:16] [SMARTBOT] - INFO - Số lượng hợp đồng đang mở đã đạt số lượng tối đa [1 HĐ] cho phép [Entrade].
[2025-10-01 09:08:20] [SMARTBOT] - INFO - Số lượng hợp đồng đang mở đã đạt số lượng tối đa [1 HĐ] cho phép [Entrade].
[2025-10-01 09:08:25] [SMARTBOT] - INFO - Số lượng hợp đồng đang mở đã đạt số lượng tối đa [1 HĐ] cho phép [Entrade].
[2025-10-01 09:08:29] [SMARTBOT] - INFO - Số lượng hợp đồng đang mở đã đạt số lượng tối đa [1 HĐ] cho phép [Entrade].
[2025-10-01 09:08:34] [SMARTBOT] - INFO - Số lượng hợp đồng đang mở đã đạt số lượng tối đa [1 HĐ] cho phép [Entrade].
[2025-10-01 09:08:39] [SMARTBOT] - INFO - Số lượng hợp đồng đang mở đã đạt số lượng tối đa [1 HĐ] cho phép [Entrade].
[2025-10-01 09:08:43] [SMARTBOT] - INFO - Số lượng hợp đồng đang mở đã đạt số lượng tối đa [1 HĐ] cho phép [Entrade].
[2025-10-01 09:08:47] [SMARTBOT] - INFO - Số lượng hợp đồng đang mở đã đạt số lượng tối đa [1 HĐ] cho phép [Entrade].
[2025-10-01 09:08:52] [SMARTBOT] - INFO - Số lượng hợp đồng đang mở đã đạt số lượng tối đa [1 HĐ] cho phép [Entrade].
[2025-10-01 09:08:57] [SMARTBOT] - INFO - Số lượng hợp đồng đang mở đã đạt số lượng tối đa [1 HĐ] cho phép [Entrade].
[2025-10-01 09:09:01] [SMARTBOT] - INFO - Số lượng hợp đồng đang mở đã đạt số lượng tối đa [1 HĐ] cho phép [Entrade].
[2025-10-01 09:09:06] [SMARTBOT] - INFO - Số lượng hợp đồng đang mở đã đạt số lượng tối đa [1 HĐ] cho phép [Entrade].
[2025-10-01 09:09:11] [SMARTBOT] - INFO - Số lượng hợp đồng đang mở đã đạt số lượng tối đa [1 HĐ] cho phép [Entrade].
[2025-10-01 09:09:15] [SMARTBOT] - INFO - Số lượng hợp đồng đang mở đã đạt số lượng tối đa [1 HĐ] cho phép [Entrade].
[2025-10-01 09:09:20] [SMARTBOT] - INFO - Số lượng hợp đồng đang mở đã đạt số lượng tối đa [1 HĐ] cho phép [Entrade].
[2025-10-01 09:09:24] [SMARTBOT] - INFO - Số lượng hợp đồng đang mở đã đạt số lượng tối đa [1 HĐ] cho phép [Entrade].
[2025-10-01 09:09:29] [SMARTBOT] - INFO - Số lượng hợp đồng đang mở đã đạt số lượng tối đa [1 HĐ] cho phép [Entrade].
[2025-10-01 09:09:33] [SMARTBOT] - INFO - Số lượng hợp đồng đang mở đã đạt số lượng tối đa [1 HĐ] cho phép [Entrade].
[2025-10-01 09:09:38] [SMARTBOT] - INFO - Số lượng hợp đồng đang mở đã đạt số lượng tối đa [1 HĐ] cho phép [Entrade].
[2025-10-01 09:09:43] [SMARTBOT] - INFO - Số lượng hợp đồng đang mở đã đạt số lượng tối đa [1 HĐ] cho phép [Entrade].
[2025-10-01 09:09:48] [SMARTBOT] - INFO - Số lượng hợp đồng đang mở đã đạt số lượng tối đa [1 HĐ] cho phép [Entrade].
[2025-10-01 09:09:52] [SMARTBOT] - INFO - Số lượng hợp đồng đang mở đã đạt số lượng tối đa [1 HĐ] cho phép [Entrade].
[2025-10-01 09:09:57] [SMARTBOT] - INFO - Số lượng hợp đồng đang mở đã đạt số lượng tối đa [1 HĐ] cho phép [Entrade].
[2025-10-01 09:10:02] [SMARTBOT] - INFO - Số lượng hợp đồng đang mở đã đạt số lượng tối đa [1 HĐ] cho phép [Entrade].
[2025-10-01 09:10:07] [SMARTBOT] - INFO - Số lượng hợp đồng đang mở đã đạt số lượng tối đa [1 HĐ] cho phép [Entrade].
[2025-10-01 09:10:12] [SMARTBOT] - INFO - Số lượng hợp đồng đang mở đã đạt số lượng tối đa [1 HĐ] cho phép [Entrade].
[2025-10-01 09:10:16] [SMARTBOT] - INFO - Số lượng hợp đồng đang mở đã đạt số lượng tối đa [1 HĐ] cho phép [Entrade].
[2025-10-01 09:10:21] [SMARTBOT] - INFO - Số lượng hợp đồng đang mở đã đạt số lượng tối đa [1 HĐ] cho phép [Entrade].
[2025-10-01 09:10:25] [SMARTBOT] - INFO - Số lượng hợp đồng đang mở đã đạt số lượng tối đa [1 HĐ] cho phép [Entrade].
[2025-10-01 09:10:30] [SMARTBOT] - INFO - Số lượng hợp đồng đang mở đã đạt số lượng tối đa [1 HĐ] cho phép [Entrade].
[2025-10-01 09:10:35] [SMARTBOT] - INFO - Số lượng hợp đồng đang mở đã đạt số lượng tối đa [1 HĐ] cho phép [Entrade].
[2025-10-01 09:10:39] [SMARTBOT] - INFO - Số lượng hợp đồng đang mở đã đạt số lượng tối đa [1 HĐ] cho phép [Entrade].
[2025-10-01 09:10:44] [SMARTBOT] - INFO - Số lượng hợp đồng đang mở đã đạt số lượng tối đa [1 HĐ] cho phép [Entrade].
[2025-10-01 09:10:48] [SMARTBOT] - INFO - Số lượng hợp đồng đang mở đã đạt số lượng tối đa [1 HĐ] cho phép [Entrade].
[2025-10-01 09:10:53] [SMARTBOT] - INFO - Số lượng hợp đồng đang mở đã đạt số lượng tối đa [1 HĐ] cho phép [Entrade].
[2025-10-01 09:10:58] [SMARTBOT] - INFO - Số lượng hợp đồng đang mở đã đạt số lượng tối đa [1 HĐ] cho phép [Entrade].
[2025-10-01 09:11:03] [SMARTBOT] - INFO - Số lượng hợp đồng đang mở đã đạt số lượng tối đa [1 HĐ] cho phép [Entrade].
[2025-10-01 09:11:08] [SMARTBOT] - INFO - Số lượng hợp đồng đang mở đã đạt số lượng tối đa [1 HĐ] cho phép [Entrade].
[2025-10-01 09:11:13] [SMARTBOT] - INFO - Số lượng hợp đồng đang mở đã đạt số lượng tối đa [1 HĐ] cho phép [Entrade].
[2025-10-01 09:11:17] [SMARTBOT] - INFO - Số lượng hợp đồng đang mở đã đạt số lượng tối đa [1 HĐ] cho phép [Entrade].
[2025-10-01 09:11:22] [SMARTBOT] - INFO - Số lượng hợp đồng đang mở đã đạt số lượng tối đa [1 HĐ] cho phép [Entrade].
[2025-10-01 09:11:27] [SMARTBOT] - INFO - Số lượng hợp đồng đang mở đã đạt số lượng tối đa [1 HĐ] cho phép [Entrade].
[2025-10-01 09:11:33] [SMARTBOT] - INFO - Số lượng hợp đồng đang mở đã đạt số lượng tối đa [1 HĐ] cho phép [Entrade].
[2025-10-01 09:11:37] [SMARTBOT] - INFO - Số lượng hợp đồng đang mở đã đạt số lượng tối đa [1 HĐ] cho phép [Entrade].
[2025-10-01 09:11:42] [SMARTBOT] - INFO - Số lượng hợp đồng đang mở đã đạt số lượng tối đa [1 HĐ] cho phép [Entrade].
[2025-10-01 09:11:47] [SMARTBOT] - INFO - Số lượng hợp đồng đang mở đã đạt số lượng tối đa [1 HĐ] cho phép [Entrade].
[2025-10-01 09:11:52] [SMARTBOT] - INFO - Số lượng hợp đồng đang mở đã đạt số lượng tối đa [1 HĐ] cho phép [Entrade].
[2025-10-01 09:11:57] [SMARTBOT] - INFO - Số lượng hợp đồng đang mở đã đạt số lượng tối đa [1 HĐ] cho phép [Entrade].
[2025-10-01 09:12:02] [SMARTBOT] - INFO - Số lượng hợp đồng đang mở đã đạt số lượng tối đa [1 HĐ] cho phép [Entrade].
[2025-10-01 09:12:07] [SMARTBOT] - INFO - Số lượng hợp đồng đang mở đã đạt số lượng tối đa [1 HĐ] cho phép [Entrade].
[2025-10-01 09:12:12] [SMARTBOT] - INFO - Số lượng hợp đồng đang mở đã đạt số lượng tối đa [1 HĐ] cho phép [Entrade].
[2025-10-01 09:12:17] [SMARTBOT] - INFO - Số lượng hợp đồng đang mở đã đạt số lượng tối đa [1 HĐ] cho phép [Entrade].
[2025-10-01 09:12:21] [SMARTBOT] - INFO - Số lượng hợp đồng đang mở đã đạt số lượng tối đa [1 HĐ] cho phép [Entrade].
[2025-10-01 09:12:26] [SMARTBOT] - INFO - Số lượng hợp đồng đang mở đã đạt số lượng tối đa [1 HĐ] cho phép [Entrade].
[2025-10-01 09:12:31] [SMARTBOT] - INFO - Số lượng hợp đồng đang mở đã đạt số lượng tối đa [1 HĐ] cho phép [Entrade].
[2025-10-01 09:12:36] [SMARTBOT] - INFO - Số lượng hợp đồng đang mở đã đạt số lượng tối đa [1 HĐ] cho phép [Entrade].
[2025-10-01 09:12:41] [SMARTBOT] - INFO - Số lượng hợp đồng đang mở đã đạt số lượng tối đa [1 HĐ] cho phép [Entrade].
[2025-10-01 09:12:46] [SMARTBOT] - INFO - Số lượng hợp đồng đang mở đã đạt số lượng tối đa [1 HĐ] cho phép [Entrade].
[2025-10-01 09:12:50] [SMARTBOT] - INFO - Số lượng hợp đồng đang mở đã đạt số lượng tối đa [1 HĐ] cho phép [Entrade].
[2025-10-01 09:12:55] [SMARTBOT] - INFO - Số lượng hợp đồng đang mở đã đạt số lượng tối đa [1 HĐ] cho phép [Entrade].
[2025-10-01 09:13:00] [SMARTBOT] - INFO - Số lượng hợp đồng đang mở đã đạt số lượng tối đa [1 HĐ] cho phép [Entrade].
[2025-10-01 09:13:05] [SMARTBOT] - INFO - Số lượng hợp đồng đang mở đã đạt số lượng tối đa [1 HĐ] cho phép [Entrade].
[2025-10-01 09:13:09] [SMARTBOT] - INFO - Số lượng hợp đồng đang mở đã đạt số lượng tối đa [1 HĐ] cho phép [Entrade].
[2025-10-01 09:13:14] [SMARTBOT] - INFO - Số lượng hợp đồng đang mở đã đạt số lượng tối đa [1 HĐ] cho phép [Entrade].
[2025-10-01 09:13:18] [SMARTBOT] - INFO - Số lượng hợp đồng đang mở đã đạt số lượng tối đa [1 HĐ] cho phép [Entrade].
[2025-10-01 09:13:23] [SMARTBOT] - INFO - Số lượng hợp đồng đang mở đã đạt số lượng tối đa [1 HĐ] cho phép [Entrade].
[2025-10-01 09:13:27] [SMARTBOT] - INFO - Số lượng hợp đồng đang mở đã đạt số lượng tối đa [1 HĐ] cho phép [Entrade].
[2025-10-01 09:13:32] [SMARTBOT] - INFO - Số lượng hợp đồng đang mở đã đạt số lượng tối đa [1 HĐ] cho phép [Entrade].
[2025-10-01 09:13:36] [SMARTBOT] - INFO - Số lượng hợp đồng đang mở đã đạt số lượng tối đa [1 HĐ] cho phép [Entrade].
[2025-10-01 09:13:41] [SMARTBOT] - INFO - Số lượng hợp đồng đang mở đã đạt số lượng tối đa [1 HĐ] cho phép [Entrade].
[2025-10-01 09:13:45] [SMARTBOT] - INFO - Số lượng hợp đồng đang mở đã đạt số lượng tối đa [1 HĐ] cho phép [Entrade].
[2025-10-01 09:13:50] [SMARTBOT] - INFO - Số lượng hợp đồng đang mở đã đạt số lượng tối đa [1 HĐ] cho phép [Entrade].
[2025-10-01 09:13:55] [SMARTBOT] - INFO - Số lượng hợp đồng đang mở đã đạt số lượng tối đa [1 HĐ] cho phép [Entrade].
[2025-10-01 09:13:59] [SMARTBOT] - INFO - Số lượng hợp đồng đang mở đã đạt số lượng tối đa [1 HĐ] cho phép [Entrade].
[2025-10-01 09:14:04] [SMARTBOT] - INFO - Số lượng hợp đồng đang mở đã đạt số lượng tối đa [1 HĐ] cho phép [Entrade].
[2025-10-01 09:14:09] [SMARTBOT] - INFO - Số lượng hợp đồng đang mở đã đạt số lượng tối đa [1 HĐ] cho phép [Entrade].
[2025-10-01 09:14:14] [SMARTBOT] - INFO - Số lượng hợp đồng đang mở đã đạt số lượng tối đa [1 HĐ] cho phép [Entrade].
[2025-10-01 09:14:19] [SMARTBOT] - INFO - Số lượng hợp đồng đang mở đã đạt số lượng tối đa [1 HĐ] cho phép [Entrade].
[2025-10-01 09:14:23] [SMARTBOT] - INFO - Số lượng hợp đồng đang mở đã đạt số lượng tối đa [1 HĐ] cho phép [Entrade].
[2025-10-01 09:14:28] [SMARTBOT] - INFO - Số lượng hợp đồng đang mở đã đạt số lượng tối đa [1 HĐ] cho phép [Entrade].
[2025-10-01 09:14:33] [SMARTBOT] - INFO - Số lượng hợp đồng đang mở đã đạt số lượng tối đa [1 HĐ] cho phép [Entrade].
[2025-10-01 09:14:37] [SMARTBOT] - INFO - Số lượng hợp đồng đang mở đã đạt số lượng tối đa [1 HĐ] cho phép [Entrade].
[2025-10-01 09:14:42] [SMARTBOT] - INFO - Số lượng hợp đồng đang mở đã đạt số lượng tối đa [1 HĐ] cho phép [Entrade].
[2025-10-01 09:14:47] [SMARTBOT] - INFO - Số lượng hợp đồng đang mở đã đạt số lượng tối đa [1 HĐ] cho phép [Entrade].
[2025-10-01 09:14:51] [SMARTBOT] - INFO - Số lượng hợp đồng đang mở đã đạt số lượng tối đa [1 HĐ] cho phép [Entrade].
[2025-10-01 09:14:56] [SMARTBOT] - INFO - Số lượng hợp đồng đang mở đã đạt số lượng tối đa [1 HĐ] cho phép [Entrade].
[2025-10-01 09:15:01] [SMARTBOT] - INFO - Số lượng hợp đồng đang mở đã đạt số lượng tối đa [1 HĐ] cho phép [Entrade].
[2025-10-01 09:15:06] [SMARTBOT] - INFO - Số lượng hợp đồng đang mở đã đạt số lượng tối đa [1 HĐ] cho phép [Entrade].
[2025-10-01 09:15:11] [SMARTBOT] - INFO - Số lượng hợp đồng đang mở đã đạt số lượng tối đa [1 HĐ] cho phép [Entrade].
[2025-10-01 09:15:15] [SMARTBOT] - INFO - Số lượng hợp đồng đang mở đã đạt số lượng tối đa [1 HĐ] cho phép [Entrade].
[2025-10-01 09:15:20] [SMARTBOT] - INFO - Số lượng hợp đồng đang mở đã đạt số lượng tối đa [1 HĐ] cho phép [Entrade].
[2025-10-01 09:15:25] [SMARTBOT] - INFO - Số lượng hợp đồng đang mở đã đạt số lượng tối đa [1 HĐ] cho phép [Entrade].
[2025-10-01 09:15:29] [SMARTBOT] - INFO - Số lượng hợp đồng đang mở đã đạt số lượng tối đa [1 HĐ] cho phép [Entrade].
[2025-10-01 09:15:34] [SMARTBOT] - INFO - Số lượng hợp đồng đang mở đã đạt số lượng tối đa [1 HĐ] cho phép [Entrade].
[2025-10-01 09:15:38] [SMARTBOT] - INFO - Số lượng hợp đồng đang mở đã đạt số lượng tối đa [1 HĐ] cho phép [Entrade].
[2025-10-01 09:15:43] [SMARTBOT] - INFO - Số lượng hợp đồng đang mở đã đạt số lượng tối đa [1 HĐ] cho phép [Entrade].
[2025-10-01 09:15:48] [SMARTBOT] - INFO - Số lượng hợp đồng đang mở đã đạt số lượng tối đa [1 HĐ] cho phép [Entrade].
[2025-10-01 09:15:52] [SMARTBOT] - INFO - Số lượng hợp đồng đang mở đã đạt số lượng tối đa [1 HĐ] cho phép [Entrade].
[2025-10-01 09:15:57] [SMARTBOT] - INFO - Số lượng hợp đồng đang mở đã đạt số lượng tối đa [1 HĐ] cho phép [Entrade].
[2025-10-01 09:16:02] [SMARTBOT] - INFO - Số lượng hợp đồng đang mở đã đạt số lượng tối đa [1 HĐ] cho phép [Entrade].
[2025-10-01 09:16:06] [SMARTBOT] - INFO - Số lượng hợp đồng đang mở đã đạt số lượng tối đa [1 HĐ] cho phép [Entrade].
[2025-10-01 09:16:11] [SMARTBOT] - INFO - Số lượng hợp đồng đang mở đã đạt số lượng tối đa [1 HĐ] cho phép [Entrade].
[2025-10-01 09:16:16] [SMARTBOT] - INFO - Số lượng hợp đồng đang mở đã đạt số lượng tối đa [1 HĐ] cho phép [Entrade].
[2025-10-01 09:16:21] [SMARTBOT] - INFO - Số lượng hợp đồng đang mở đã đạt số lượng tối đa [1 HĐ] cho phép [Entrade].
[2025-10-01 09:16:25] [SMARTBOT] - INFO - Số lượng hợp đồng đang mở đã đạt số lượng tối đa [1 HĐ] cho phép [Entrade].
[2025-10-01 09:16:30] [SMARTBOT] - INFO - Số lượng hợp đồng đang mở đã đạt số lượng tối đa [1 HĐ] cho phép [Entrade].
[2025-10-01 09:16:35] [SMARTBOT] - INFO - Số lượng hợp đồng đang mở đã đạt số lượng tối đa [1 HĐ] cho phép [Entrade].
[2025-10-01 09:16:40] [SMARTBOT] - INFO - Số lượng hợp đồng đang mở đã đạt số lượng tối đa [1 HĐ] cho phép [Entrade].
[2025-10-01 09:16:44] [SMARTBOT] - INFO - Số lượng hợp đồng đang mở đã đạt số lượng tối đa [1 HĐ] cho phép [Entrade].
[2025-10-01 09:16:49] [SMARTBOT] - INFO - Số lượng hợp đồng đang mở đã đạt số lượng tối đa [1 HĐ] cho phép [Entrade].
[2025-10-01 09:16:53] [SMARTBOT] - INFO - Số lượng hợp đồng đang mở đã đạt số lượng tối đa [1 HĐ] cho phép [Entrade].
[2025-10-01 09:16:58] [SMARTBOT] - INFO - Số lượng hợp đồng đang mở đã đạt số lượng tối đa [1 HĐ] cho phép [Entrade].
[2025-10-01 09:17:03] [SMARTBOT] - INFO - Số lượng hợp đồng đang mở đã đạt số lượng tối đa [1 HĐ] cho phép [Entrade].
[2025-10-01 09:17:07] [SMARTBOT] - INFO - Số lượng hợp đồng đang mở đã đạt số lượng tối đa [1 HĐ] cho phép [Entrade].
[2025-10-01 09:17:12] [SMARTBOT] - INFO - Số lượng hợp đồng đang mở đã đạt số lượng tối đa [1 HĐ] cho phép [Entrade].
[2025-10-01 09:17:16] [SMARTBOT] - INFO - Số lượng hợp đồng đang mở đã đạt số lượng tối đa [1 HĐ] cho phép [Entrade].
[2025-10-01 09:17:21] [SMARTBOT] - INFO - Số lượng hợp đồng đang mở đã đạt số lượng tối đa [1 HĐ] cho phép [Entrade].
[2025-10-01 09:17:26] [SMARTBOT] - INFO - Số lượng hợp đồng đang mở đã đạt số lượng tối đa [1 HĐ] cho phép [Entrade].
[2025-10-01 09:17:33] AutoTrade-CONG NGUYEN - INFO - Logger 'AutoTrade-CONG NGUYEN' initialized with daily rotation
[2025-10-01 09:17:33] [DNSE_Client] - INFO - Logger '[DNSE_Client]' initialized with daily rotation
[2025-10-01 09:17:33] [ENTRADE_Client] - INFO - Logger '[ENTRADE_Client]' initialized with daily rotation
[2025-10-01 09:17:33] [MQTT Connector] - INFO - Logger '[MQTT Connector]' initialized with daily rotation
[2025-10-01 09:17:33] [Authenticaotor] - INFO - Logger '[Authenticaotor]' initialized with daily rotation
[2025-10-01 09:17:35] [DNSE_Client] - INFO - Đã đọc token từ C:\Users\210608\Documents\GitHub\AutoTrade\token_dnse.json
[2025-10-01 09:17:35] [DNSE_Client] - INFO - Đọc tokens từ file token_dnse.json.
[2025-10-01 09:17:35] [DNSE_Client] - INFO - Đọc xong tokens từ file token_dnse.json.
[2025-10-01 09:17:35] [Authenticaotor] - WARNING - token [DNSE] : eyJ0eXAiOiJKV1QiLCJhbGciOiJSUzI1NiJ9.eyJpZGVudGlmaWNhdGlvbkNvZGUiOiIwMDEwODkwMjkyNDUiLCJzdWIiOiIxMDAwOTY0NzY4IiwiYnJva2VySWQiOiIwODY5IiwiYXV0aFNvdXJjZSI6bnVsbCwicm9sZXMiOlsiaW52ZXN0b3IiLCJCUk9LRVIiXSwiaXNzIjoiRE5TRSIsImludmVzdG9ySWQiOiIxMDAwOTY0NzY4IiwiYnJva2VyVHlwZSI6IlNBQ08iLCJmdWxsTmFtZSI6Ik5ndXnhu4VuIFbEg24gQ8O0bmciLCJzZXNzaW9uSWQiOiI1YTczN2Q0ZS1jMTBlLTRkYTQtOTNhYS03ZmUzNmE3ZTNiMTQiLCJ1c2VySWQiOiJhODQ3OGY2ZS0yMDY4LTRjODctYjEzNi1kNmFhMzIyYzk4MTYiLCJhdWQiOlsiYXVkaWVuY2UiXSwiY3VzdG9tZXJFbWFpbCI6Im52Y29uZzg5QGxpdmUuY29tIiwiY3VzdG9keUNvZGUiOiIwNjRDNjg0NjQxIiwiY3VzdG9tZXJJZCI6IjAwMDE1MDQxNzUiLCJleHAiOjE3NTkzMDg3NzcsImN1c3RvbWVyTW9iaWxlIjoiMDk3OTQwNDY0MSIsImlhdCI6MTc1OTI3OTk3NywidXNlcm5hbWUiOiIwNjRDNjg0NjQxIiwic3RhdHVzIjoiQUNUSVZFIn0.OAt293uiBezDr74KGwk9g0x1-eLY872Atyt8XEP2y88REDB6O7PASZpxpOiDO6FlBUFVBq_PRH5lL83tszoBg0QuCr2V4g1kNIU7TURYUhL1_8WmhvaVW2F7xtFZM1D3JiVJTi_kYoP0K8ylzuqMWAGLFZtc5Q58UNMt92OImto
[2025-10-01 09:17:35] [Authenticaotor] - WARNING - Trading-Token [DNSE]: 1cfbe040-6778-40a2-81de-90bb5efc472d
[2025-10-01 09:17:36] [Authenticaotor] - INFO - investor_id [Etrade] : 1000048842
[2025-10-01 09:17:36] [Authenticaotor] - INFO - investor_account_id [Etrade] : 1000049481 

[2025-10-01 09:17:36] [Authenticaotor] - INFO - investor_id [DNSE] : 1000964768
[2025-10-01 09:17:36] [Authenticaotor] - INFO - investor_account_id [DNSE] : 0001521007

[2025-10-01 09:17:36] [Authenticaotor] - INFO - loan package id: 1306
[2025-10-01 09:17:37] [Authenticaotor] - WARNING - Tổng số lượng deal đang mở trong sổ [DNSE]: 1
[2025-10-01 09:17:37] [Authenticaotor] - WARNING - Tổng số lượng lệnh đang chờ trong sổ [DNSE]: 0
[2025-10-01 09:17:37] [Authenticaotor] - WARNING - Tổng số hợp đồng đang mở [DNSE]: 1 HĐ 

[2025-10-01 09:17:38] [Authenticaotor] - WARNING - Tổng số lượng deal đang mở trong sổ [ENTRADE]: 1
[2025-10-01 09:17:39] [Authenticaotor] - WARNING - Tổng số lượng lệnh đang chờ trong sổ [ENTRADE]: 0
[2025-10-01 09:17:39] [Authenticaotor] - WARNING - Tổng số hợp đồng đang mở [ENTRADE]: 1 HĐ 

[2025-10-01 09:17:39] [MQTT Connector] - INFO - Connected to MQTT Broker!
[2025-10-01 09:17:40] [Data Processor] - INFO - Logger '[Data Processor]' initialized with daily rotation
[2025-10-01 09:17:42] [Data Processor] - INFO - Successfully initialized multi-timeframe data:
[2025-10-01 09:17:42] [Data Processor] - INFO - m1: 16866 candles
[2025-10-01 09:17:42] [Data Processor] - INFO - m3: 5669 candles
[2025-10-01 09:17:42] [Data Processor] - INFO - m5: 3430 candles
[2025-10-01 09:17:42] [Data Processor] - INFO - m15: 1190 candles
[2025-10-01 09:17:42] [Data Processor] - INFO - m30: 630 candles
[2025-10-01 09:17:42] [Data Processor] - INFO - H1: 350 candles
[2025-10-01 09:17:42] [Data Processor] - INFO - D1: 70 candles
[2025-10-01 09:17:42] [Data Processor] - INFO - W1: 14 candles
[2025-10-01 09:17:43] [Logic_Processor] - INFO - Logger '[Logic_Processor]' initialized with daily rotation
[2025-10-01 09:17:43] [SMARTBOT] - INFO - Logger '[SMARTBOT]' initialized with daily rotation
[2025-10-01 09:17:43] [SMARTBOT] - INFO - Khởi tạo bot: MACD_Bot
[2025-10-01 09:17:46] [Logic_Processor] - INFO - Bot [MACD_Bot] đã được khởi tạo.
[2025-10-01 09:17:46] [Logic_Processor] - INFO - Working TimeFrame : m5
[2025-10-01 09:17:46] [Logic_Processor] - INFO - Đẩy MarketData lần đầu tiên vào trong bot...
[2025-10-01 09:17:48] [SMARTBOT] - INFO - Số lượng hợp đồng đang mở đã đạt số lượng tối đa [1 HĐ] cho phép [Entrade].
[2025-10-01 09:17:49] [Logic_Processor] - INFO - Bot đang chạy...
[2025-10-01 09:17:49] [Logic_Processor] - WARNING - Mã phái sinh : 41I1FA000
[2025-10-01 09:17:49] [Logic_Processor] - WARNING - Giá trần hôm nay : 1982.0
[2025-10-01 09:17:49] [Logic_Processor] - WARNING - Giá sàn hôm nay : 1726.0
[2025-10-01 09:33:45] [MQTT Connector] - INFO - Connected to MQTT Broker!
[2025-10-01 09:33:47] [Data Processor] - INFO - Successfully initialized multi-timeframe data:
[2025-10-01 09:33:47] [Data Processor] - INFO - m1: 16866 candles
[2025-10-01 09:33:47] [Data Processor] - INFO - m3: 5669 candles
[2025-10-01 09:33:47] [Data Processor] - INFO - m5: 3430 candles
[2025-10-01 09:33:47] [Data Processor] - INFO - m15: 1190 candles
[2025-10-01 09:33:47] [Data Processor] - INFO - m30: 630 candles
[2025-10-01 09:33:47] [Data Processor] - INFO - H1: 350 candles
[2025-10-01 09:33:47] [Data Processor] - INFO - D1: 70 candles
[2025-10-01 09:33:47] [Data Processor] - INFO - W1: 14 candles
[2025-10-01 09:43:22] [MQTT Connector] - INFO - Connected to MQTT Broker!
[2025-10-01 09:43:24] [Data Processor] - INFO - Successfully initialized multi-timeframe data:
[2025-10-01 09:43:24] [Data Processor] - INFO - m1: 16866 candles
[2025-10-01 09:43:24] [Data Processor] - INFO - m3: 5670 candles
[2025-10-01 09:43:24] [Data Processor] - INFO - m5: 3430 candles
[2025-10-01 09:43:25] [Data Processor] - INFO - m15: 1190 candles
[2025-10-01 09:43:25] [Data Processor] - INFO - m30: 630 candles
[2025-10-01 09:43:25] [Data Processor] - INFO - H1: 350 candles
[2025-10-01 09:43:25] [Data Processor] - INFO - D1: 70 candles
[2025-10-01 09:43:25] [Data Processor] - INFO - W1: 14 candles
